<?xml version="1.0" encoding="UTF-8"?>
<!-- Generated by org.testng.reporters.JUnitReportReporter -->
<testsuite hostname="Sudhanshus-MacBook-Air.local" failures="0" tests="2" name="testCases.TC001_AccountRegistrationTest" time="102.904" errors="0" timestamp="2024-11-05T17:41:14 IST" skipped="0">
  <testcase classname="testCases.TC001_AccountRegistrationTest" name="verify_account_Creation" time="69.495"/>
  <system-out/>
  <testcase classname="testCases.TC001_AccountRegistrationTest" name="verify_account_Login" time="33.409"/>
  <system-out/>
</testsuite> <!-- testCases.TC001_AccountRegistrationTest -->
