<?xml version="1.0" encoding="UTF-8"?>
<!-- Generated by org.testng.reporters.JUnitReportReporter -->
<testsuite hostname="Sudhanshus-MacBook-Air.local" failures="0" tests="1" name="testCases.AccountRegistrationTest" time="8.722" errors="0" timestamp="2024-09-29T15:03:01 IST" skipped="0">
  <testcase classname="testCases.AccountRegistrationTest" name="verify_account_registration" time="8.722"/>
  <system-out/>
</testsuite> <!-- testCases.AccountRegistrationTest -->
