<?xml version="1.0" encoding="UTF-8"?>
<!-- Generated by org.testng.reporters.JUnitReportReporter -->
<testsuite hostname="Sudhanshus-MacBook-Air.local" failures="0" tests="1" name="testCases.TC002_LoginTest" time="44.083" errors="0" timestamp="2024-11-05T16:55:45 IST" skipped="0">
  <testcase classname="testCases.TC002_LoginTest" name="verify_login" time="44.083"/>
  <system-out/>
</testsuite> <!-- testCases.TC002_LoginTest -->
