<?xml version="1.0" encoding="UTF-8"?>
<!-- Generated by org.testng.reporters.JUnitReportReporter -->
<testsuite hostname="Sudhanshus-MacBook-Air.local" failures="0" tests="2" name="testCases.TestCase_SingUp_And_Login" time="111.799" errors="0" timestamp="2024-11-05T18:22:32 IST" skipped="0">
  <testcase classname="testCases.TestCase_SingUp_And_Login" name="accountCreation" time="73.587"/>
  <system-out/>
  <testcase classname="testCases.TestCase_SingUp_And_Login" name="accountLogin" time="38.212"/>
  <system-out/>
</testsuite> <!-- testCases.TestCase_SingUp_And_Login -->
