<?xml version="1.0" encoding="UTF-8"?>
<!-- Generated by org.testng.reporters.JUnitReportReporter -->
<testsuite hostname="Sudhanshus-MacBook-Air.local" failures="0" tests="1" name="testCases.Login_with_Data_Driven_Testcase" time="0.000" errors="0" timestamp="2024-11-05T18:42:11 IST" skipped="1">
  <testcase classname="testCases.Login_with_Data_Driven_Testcase" name="verify_loginDDT" time="0.000">
    <skipped/>
  </testcase> <!-- verify_loginDDT -->
  <system-out/>
</testsuite> <!-- testCases.Login_with_Data_Driven_Testcase -->
